{"/home/pacheco/Desktop/Vinicius/git-hub-repositories/exercicio_voucher_enunciado/src/config/database.ts": {"path":"/home/pacheco/Desktop/Vinicius/git-hub-repositories/exercicio_voucher_enunciado/src/config/database.ts","all":false,"statementMap":{"0":{"start":{"line":1,"column":0},"end":{"line":1,"column":33}},"1":{"start":{"line":2,"column":0},"end":{"line":2,"column":0}},"2":{"start":{"line":3,"column":0},"end":{"line":3,"column":29}},"3":{"start":{"line":4,"column":0},"end":{"line":4,"column":34}},"4":{"start":{"line":5,"column":0},"end":{"line":5,"column":0}},"5":{"start":{"line":6,"column":0},"end":{"line":6,"column":22}}},"s":{"0":1,"1":1,"2":1,"3":1,"4":1,"5":1},"branchMap":{},"b":{},"fnMap":{},"f":{}}
,"/home/pacheco/Desktop/Vinicius/git-hub-repositories/exercicio_voucher_enunciado/src/repositories/voucherRepository.ts": {"path":"/home/pacheco/Desktop/Vinicius/git-hub-repositories/exercicio_voucher_enunciado/src/repositories/voucherRepository.ts","all":false,"statementMap":{"0":{"start":{"line":1,"column":0},"end":{"line":1,"column":40}},"1":{"start":{"line":2,"column":0},"end":{"line":2,"column":0}},"2":{"start":{"line":3,"column":0},"end":{"line":3,"column":41}},"3":{"start":{"line":4,"column":0},"end":{"line":4,"column":36}},"4":{"start":{"line":5,"column":0},"end":{"line":5,"column":19}},"5":{"start":{"line":6,"column":0},"end":{"line":6,"column":5}},"6":{"start":{"line":7,"column":0},"end":{"line":7,"column":1}},"7":{"start":{"line":8,"column":0},"end":{"line":8,"column":0}},"8":{"start":{"line":9,"column":0},"end":{"line":9,"column":56}},"9":{"start":{"line":10,"column":0},"end":{"line":10,"column":32}},"10":{"start":{"line":11,"column":0},"end":{"line":11,"column":28}},"11":{"start":{"line":12,"column":0},"end":{"line":12,"column":5}},"12":{"start":{"line":13,"column":0},"end":{"line":13,"column":1}},"13":{"start":{"line":14,"column":0},"end":{"line":14,"column":0}},"14":{"start":{"line":15,"column":0},"end":{"line":15,"column":35}},"15":{"start":{"line":16,"column":0},"end":{"line":16,"column":32}},"16":{"start":{"line":17,"column":0},"end":{"line":17,"column":20}},"17":{"start":{"line":18,"column":0},"end":{"line":18,"column":24}},"18":{"start":{"line":19,"column":0},"end":{"line":19,"column":4}},"19":{"start":{"line":20,"column":0},"end":{"line":20,"column":1}},"20":{"start":{"line":21,"column":0},"end":{"line":21,"column":0}},"21":{"start":{"line":22,"column":0},"end":{"line":22,"column":16}},"22":{"start":{"line":23,"column":0},"end":{"line":23,"column":19}},"23":{"start":{"line":24,"column":0},"end":{"line":24,"column":16}},"24":{"start":{"line":25,"column":0},"end":{"line":25,"column":12}},"25":{"start":{"line":26,"column":0},"end":{"line":26,"column":1}}},"s":{"0":1,"1":1,"2":0,"3":0,"4":0,"5":0,"6":0,"7":1,"8":0,"9":0,"10":0,"11":0,"12":0,"13":1,"14":0,"15":0,"16":0,"17":0,"18":0,"19":0,"20":1,"21":1,"22":1,"23":1,"24":1,"25":1},"branchMap":{},"b":{},"fnMap":{"0":{"name":"getVoucherByCode","decl":{"start":{"line":3,"column":0},"end":{"line":7,"column":1}},"loc":{"start":{"line":3,"column":0},"end":{"line":7,"column":1}},"line":3},"1":{"name":"createVoucher","decl":{"start":{"line":9,"column":0},"end":{"line":13,"column":1}},"loc":{"start":{"line":9,"column":0},"end":{"line":13,"column":1}},"line":9},"2":{"name":"useVoucher","decl":{"start":{"line":15,"column":0},"end":{"line":20,"column":1}},"loc":{"start":{"line":15,"column":0},"end":{"line":20,"column":1}},"line":15}},"f":{"0":0,"1":0,"2":0}}
,"/home/pacheco/Desktop/Vinicius/git-hub-repositories/exercicio_voucher_enunciado/src/services/voucherService.ts": {"path":"/home/pacheco/Desktop/Vinicius/git-hub-repositories/exercicio_voucher_enunciado/src/services/voucherService.ts","all":false,"statementMap":{"0":{"start":{"line":1,"column":0},"end":{"line":1,"column":41}},"1":{"start":{"line":2,"column":0},"end":{"line":2,"column":66}},"2":{"start":{"line":3,"column":0},"end":{"line":3,"column":52}},"3":{"start":{"line":4,"column":0},"end":{"line":4,"column":0}},"4":{"start":{"line":5,"column":0},"end":{"line":5,"column":35}},"5":{"start":{"line":6,"column":0},"end":{"line":6,"column":0}},"6":{"start":{"line":7,"column":0},"end":{"line":7,"column":52}},"7":{"start":{"line":8,"column":0},"end":{"line":8,"column":35}},"8":{"start":{"line":9,"column":0},"end":{"line":9,"column":15}},"9":{"start":{"line":10,"column":0},"end":{"line":10,"column":17}},"10":{"start":{"line":11,"column":0},"end":{"line":11,"column":1}},"11":{"start":{"line":12,"column":0},"end":{"line":12,"column":0}},"12":{"start":{"line":13,"column":0},"end":{"line":13,"column":62}},"13":{"start":{"line":14,"column":0},"end":{"line":14,"column":65}},"14":{"start":{"line":15,"column":0},"end":{"line":15,"column":16}},"15":{"start":{"line":16,"column":0},"end":{"line":16,"column":50}},"16":{"start":{"line":17,"column":0},"end":{"line":17,"column":3}},"17":{"start":{"line":18,"column":0},"end":{"line":18,"column":0}},"18":{"start":{"line":19,"column":0},"end":{"line":19,"column":56}},"19":{"start":{"line":20,"column":0},"end":{"line":20,"column":1}},"20":{"start":{"line":21,"column":0},"end":{"line":21,"column":0}},"21":{"start":{"line":22,"column":0},"end":{"line":22,"column":59}},"22":{"start":{"line":23,"column":0},"end":{"line":23,"column":65}},"23":{"start":{"line":24,"column":0},"end":{"line":24,"column":17}},"24":{"start":{"line":25,"column":0},"end":{"line":25,"column":51}},"25":{"start":{"line":26,"column":0},"end":{"line":26,"column":3}},"26":{"start":{"line":27,"column":0},"end":{"line":27,"column":0}},"27":{"start":{"line":28,"column":0},"end":{"line":28,"column":27}},"28":{"start":{"line":29,"column":0},"end":{"line":29,"column":58}},"29":{"start":{"line":30,"column":0},"end":{"line":30,"column":36}},"30":{"start":{"line":31,"column":0},"end":{"line":31,"column":58}},"31":{"start":{"line":32,"column":0},"end":{"line":32,"column":3}},"32":{"start":{"line":33,"column":0},"end":{"line":33,"column":0}},"33":{"start":{"line":34,"column":0},"end":{"line":34,"column":10}},"34":{"start":{"line":35,"column":0},"end":{"line":35,"column":11}},"35":{"start":{"line":36,"column":0},"end":{"line":36,"column":31}},"36":{"start":{"line":37,"column":0},"end":{"line":37,"column":16}},"37":{"start":{"line":38,"column":0},"end":{"line":38,"column":35}},"38":{"start":{"line":39,"column":0},"end":{"line":39,"column":3}},"39":{"start":{"line":40,"column":0},"end":{"line":40,"column":1}},"40":{"start":{"line":41,"column":0},"end":{"line":41,"column":0}},"41":{"start":{"line":42,"column":0},"end":{"line":42,"column":50}},"42":{"start":{"line":43,"column":0},"end":{"line":43,"column":50}},"43":{"start":{"line":44,"column":0},"end":{"line":44,"column":1}},"44":{"start":{"line":45,"column":0},"end":{"line":45,"column":0}},"45":{"start":{"line":46,"column":0},"end":{"line":46,"column":51}},"46":{"start":{"line":47,"column":0},"end":{"line":47,"column":42}},"47":{"start":{"line":48,"column":0},"end":{"line":48,"column":1}},"48":{"start":{"line":49,"column":0},"end":{"line":49,"column":0}},"49":{"start":{"line":50,"column":0},"end":{"line":50,"column":57}},"50":{"start":{"line":51,"column":0},"end":{"line":51,"column":44}},"51":{"start":{"line":52,"column":0},"end":{"line":52,"column":1}},"52":{"start":{"line":53,"column":0},"end":{"line":53,"column":0}},"53":{"start":{"line":54,"column":0},"end":{"line":54,"column":16}},"54":{"start":{"line":55,"column":0},"end":{"line":55,"column":16}},"55":{"start":{"line":56,"column":0},"end":{"line":56,"column":14}},"56":{"start":{"line":57,"column":0},"end":{"line":57,"column":1}}},"s":{"0":1,"1":1,"2":1,"3":1,"4":1,"5":1,"6":1,"7":1,"8":1,"9":1,"10":1,"11":1,"12":2,"13":2,"14":2,"15":1,"16":1,"17":1,"18":1,"19":1,"20":1,"21":4,"22":4,"23":4,"24":1,"25":1,"26":3,"27":3,"28":4,"29":1,"30":1,"31":1,"32":3,"33":3,"34":3,"35":3,"36":3,"37":3,"38":3,"39":3,"40":1,"41":1,"42":1,"43":1,"44":1,"45":3,"46":3,"47":3,"48":1,"49":1,"50":1,"51":1,"52":1,"53":1,"54":1,"55":1,"56":1},"branchMap":{"0":{"type":"branch","line":13,"loc":{"start":{"line":13,"column":0},"end":{"line":20,"column":1}},"locations":[{"start":{"line":13,"column":0},"end":{"line":20,"column":1}}]},"1":{"type":"branch","line":15,"loc":{"start":{"line":15,"column":15},"end":{"line":20,"column":1}},"locations":[{"start":{"line":15,"column":15},"end":{"line":20,"column":1}}]},"2":{"type":"branch","line":22,"loc":{"start":{"line":22,"column":0},"end":{"line":40,"column":1}},"locations":[{"start":{"line":22,"column":0},"end":{"line":40,"column":1}}]},"3":{"type":"branch","line":24,"loc":{"start":{"line":24,"column":16},"end":{"line":26,"column":3}},"locations":[{"start":{"line":24,"column":16},"end":{"line":26,"column":3}}]},"4":{"type":"branch","line":27,"loc":{"start":{"line":27,"column":-2},"end":{"line":29,"column":42}},"locations":[{"start":{"line":27,"column":-2},"end":{"line":29,"column":42}}]},"5":{"type":"branch","line":29,"loc":{"start":{"line":29,"column":38},"end":{"line":29,"column":55}},"locations":[{"start":{"line":29,"column":38},"end":{"line":29,"column":55}}]},"6":{"type":"branch","line":29,"loc":{"start":{"line":29,"column":57},"end":{"line":32,"column":3}},"locations":[{"start":{"line":29,"column":57},"end":{"line":32,"column":3}}]},"7":{"type":"branch","line":33,"loc":{"start":{"line":33,"column":-2},"end":{"line":40,"column":1}},"locations":[{"start":{"line":33,"column":-2},"end":{"line":40,"column":1}}]},"8":{"type":"branch","line":42,"loc":{"start":{"line":42,"column":0},"end":{"line":44,"column":1}},"locations":[{"start":{"line":42,"column":0},"end":{"line":44,"column":1}}]},"9":{"type":"branch","line":46,"loc":{"start":{"line":46,"column":0},"end":{"line":48,"column":1}},"locations":[{"start":{"line":46,"column":0},"end":{"line":48,"column":1}}]},"10":{"type":"branch","line":50,"loc":{"start":{"line":50,"column":0},"end":{"line":52,"column":1}},"locations":[{"start":{"line":50,"column":0},"end":{"line":52,"column":1}}]}},"b":{"0":[2],"1":[1],"2":[4],"3":[1],"4":[3],"5":[2],"6":[1],"7":[3],"8":[1],"9":[3],"10":[1]},"fnMap":{"0":{"name":"createVoucher","decl":{"start":{"line":13,"column":0},"end":{"line":20,"column":1}},"loc":{"start":{"line":13,"column":0},"end":{"line":20,"column":1}},"line":13},"1":{"name":"applyVoucher","decl":{"start":{"line":22,"column":0},"end":{"line":40,"column":1}},"loc":{"start":{"line":22,"column":0},"end":{"line":40,"column":1}},"line":22},"2":{"name":"changeVoucherToUsed","decl":{"start":{"line":42,"column":0},"end":{"line":44,"column":1}},"loc":{"start":{"line":42,"column":0},"end":{"line":44,"column":1}},"line":42},"3":{"name":"isAmountValidForDiscount","decl":{"start":{"line":46,"column":0},"end":{"line":48,"column":1}},"loc":{"start":{"line":46,"column":0},"end":{"line":48,"column":1}},"line":46},"4":{"name":"applyDiscount","decl":{"start":{"line":50,"column":0},"end":{"line":52,"column":1}},"loc":{"start":{"line":50,"column":0},"end":{"line":52,"column":1}},"line":50}},"f":{"0":2,"1":4,"2":1,"3":3,"4":1}}
,"/home/pacheco/Desktop/Vinicius/git-hub-repositories/exercicio_voucher_enunciado/src/utils/errorUtils.ts": {"path":"/home/pacheco/Desktop/Vinicius/git-hub-repositories/exercicio_voucher_enunciado/src/utils/errorUtils.ts","all":false,"statementMap":{"0":{"start":{"line":1,"column":0},"end":{"line":1,"column":20}},"1":{"start":{"line":2,"column":0},"end":{"line":2,"column":14}},"2":{"start":{"line":3,"column":0},"end":{"line":3,"column":15}},"3":{"start":{"line":4,"column":0},"end":{"line":4,"column":18}},"4":{"start":{"line":5,"column":0},"end":{"line":5,"column":18}},"5":{"start":{"line":6,"column":0},"end":{"line":6,"column":18}},"6":{"start":{"line":7,"column":0},"end":{"line":7,"column":2}},"7":{"start":{"line":8,"column":0},"end":{"line":8,"column":27}},"8":{"start":{"line":9,"column":0},"end":{"line":9,"column":22}},"9":{"start":{"line":10,"column":0},"end":{"line":10,"column":18}},"10":{"start":{"line":11,"column":0},"end":{"line":11,"column":1}},"11":{"start":{"line":12,"column":0},"end":{"line":12,"column":0}},"12":{"start":{"line":13,"column":0},"end":{"line":13,"column":62}},"13":{"start":{"line":14,"column":0},"end":{"line":14,"column":48}},"14":{"start":{"line":15,"column":0},"end":{"line":15,"column":1}},"15":{"start":{"line":16,"column":0},"end":{"line":16,"column":0}},"16":{"start":{"line":17,"column":0},"end":{"line":17,"column":60}},"17":{"start":{"line":18,"column":0},"end":{"line":18,"column":38}},"18":{"start":{"line":19,"column":0},"end":{"line":19,"column":39}},"19":{"start":{"line":20,"column":0},"end":{"line":20,"column":42}},"20":{"start":{"line":21,"column":0},"end":{"line":21,"column":42}},"21":{"start":{"line":22,"column":0},"end":{"line":22,"column":0}},"22":{"start":{"line":23,"column":0},"end":{"line":23,"column":13}},"23":{"start":{"line":24,"column":0},"end":{"line":24,"column":1}},"24":{"start":{"line":25,"column":0},"end":{"line":25,"column":0}},"25":{"start":{"line":26,"column":0},"end":{"line":26,"column":61}},"26":{"start":{"line":27,"column":0},"end":{"line":27,"column":42}},"27":{"start":{"line":28,"column":0},"end":{"line":28,"column":1}},"28":{"start":{"line":29,"column":0},"end":{"line":29,"column":0}},"29":{"start":{"line":30,"column":0},"end":{"line":30,"column":59}},"30":{"start":{"line":31,"column":0},"end":{"line":31,"column":39}},"31":{"start":{"line":32,"column":0},"end":{"line":32,"column":1}},"32":{"start":{"line":33,"column":0},"end":{"line":33,"column":0}},"33":{"start":{"line":34,"column":0},"end":{"line":34,"column":59}},"34":{"start":{"line":35,"column":0},"end":{"line":35,"column":40}},"35":{"start":{"line":36,"column":0},"end":{"line":36,"column":1}},"36":{"start":{"line":37,"column":0},"end":{"line":37,"column":0}},"37":{"start":{"line":38,"column":0},"end":{"line":38,"column":63}},"38":{"start":{"line":39,"column":0},"end":{"line":39,"column":43}},"39":{"start":{"line":40,"column":0},"end":{"line":40,"column":1}},"40":{"start":{"line":41,"column":0},"end":{"line":41,"column":0}},"41":{"start":{"line":42,"column":0},"end":{"line":42,"column":62}},"42":{"start":{"line":43,"column":0},"end":{"line":43,"column":43}},"43":{"start":{"line":44,"column":0},"end":{"line":44,"column":1}}},"s":{"0":1,"1":1,"2":1,"3":1,"4":1,"5":1,"6":1,"7":1,"8":1,"9":1,"10":1,"11":1,"12":0,"13":0,"14":0,"15":1,"16":0,"17":0,"18":0,"19":0,"20":0,"21":0,"22":0,"23":0,"24":1,"25":0,"26":0,"27":0,"28":1,"29":2,"30":2,"31":2,"32":1,"33":0,"34":0,"35":0,"36":1,"37":0,"38":0,"39":0,"40":1,"41":0,"42":0,"43":0},"branchMap":{"0":{"type":"branch","line":30,"loc":{"start":{"line":30,"column":0},"end":{"line":32,"column":1}},"locations":[{"start":{"line":30,"column":0},"end":{"line":32,"column":1}}]}},"b":{"0":[2]},"fnMap":{"0":{"name":"isAppError","decl":{"start":{"line":13,"column":0},"end":{"line":15,"column":1}},"loc":{"start":{"line":13,"column":0},"end":{"line":15,"column":1}},"line":13},"1":{"name":"errorTypeToStatusCode","decl":{"start":{"line":17,"column":0},"end":{"line":24,"column":1}},"loc":{"start":{"line":17,"column":0},"end":{"line":24,"column":1}},"line":17},"2":{"name":"badRequestError","decl":{"start":{"line":26,"column":0},"end":{"line":28,"column":1}},"loc":{"start":{"line":26,"column":0},"end":{"line":28,"column":1}},"line":26},"3":{"name":"conflictError","decl":{"start":{"line":30,"column":0},"end":{"line":32,"column":1}},"loc":{"start":{"line":30,"column":0},"end":{"line":32,"column":1}},"line":30},"4":{"name":"notFoundError","decl":{"start":{"line":34,"column":0},"end":{"line":36,"column":1}},"loc":{"start":{"line":34,"column":0},"end":{"line":36,"column":1}},"line":34},"5":{"name":"unauthorizedError","decl":{"start":{"line":38,"column":0},"end":{"line":40,"column":1}},"loc":{"start":{"line":38,"column":0},"end":{"line":40,"column":1}},"line":38},"6":{"name":"wrongSchemaError","decl":{"start":{"line":42,"column":0},"end":{"line":44,"column":1}},"loc":{"start":{"line":42,"column":0},"end":{"line":44,"column":1}},"line":42}},"f":{"0":0,"1":0,"2":0,"3":2,"4":0,"5":0,"6":0}}
,"/home/pacheco/Desktop/Vinicius/git-hub-repositories/exercicio_voucher_enunciado/tests/factory/voucherFactory.ts": {"path":"/home/pacheco/Desktop/Vinicius/git-hub-repositories/exercicio_voucher_enunciado/tests/factory/voucherFactory.ts","all":false,"statementMap":{"0":{"start":{"line":1,"column":0},"end":{"line":1,"column":64}},"1":{"start":{"line":2,"column":0},"end":{"line":2,"column":47}},"2":{"start":{"line":3,"column":0},"end":{"line":3,"column":1}}},"s":{"0":6,"1":6,"2":6},"branchMap":{"0":{"type":"branch","line":1,"loc":{"start":{"line":1,"column":0},"end":{"line":3,"column":1}},"locations":[{"start":{"line":1,"column":0},"end":{"line":3,"column":1}}]}},"b":{"0":[6]},"fnMap":{"0":{"name":"voucherWithId","decl":{"start":{"line":1,"column":0},"end":{"line":3,"column":1}},"loc":{"start":{"line":1,"column":0},"end":{"line":3,"column":1}},"line":1}},"f":{"0":6}}
}
