TN:
SF:src/config/database.ts
FNF:0
FNH:0
DA:1,1
DA:2,1
DA:3,1
DA:4,1
DA:5,1
DA:6,1
LF:6
LH:6
BRF:0
BRH:0
end_of_record
TN:
SF:src/repositories/voucherRepository.ts
FN:3,getVoucherByCode
FN:9,createVoucher
FN:15,useVoucher
FNF:3
FNH:0
FNDA:0,getVoucherByCode
FNDA:0,createVoucher
FNDA:0,useVoucher
DA:1,1
DA:2,1
DA:3,0
DA:4,0
DA:5,0
DA:6,0
DA:7,0
DA:8,1
DA:9,0
DA:10,0
DA:11,0
DA:12,0
DA:13,0
DA:14,1
DA:15,0
DA:16,0
DA:17,0
DA:18,0
DA:19,0
DA:20,0
DA:21,1
DA:22,1
DA:23,1
DA:24,1
DA:25,1
DA:26,1
LF:26
LH:10
BRF:0
BRH:0
end_of_record
TN:
SF:src/services/voucherService.ts
FN:13,createVoucher
FN:22,applyVoucher
FN:42,changeVoucherToUsed
FN:46,isAmountValidForDiscount
FN:50,applyDiscount
FNF:5
FNH:5
FNDA:2,createVoucher
FNDA:4,applyVoucher
FNDA:1,changeVoucherToUsed
FNDA:3,isAmountValidForDiscount
FNDA:1,applyDiscount
DA:1,1
DA:2,1
DA:3,1
DA:4,1
DA:5,1
DA:6,1
DA:7,1
DA:8,1
DA:9,1
DA:10,1
DA:11,1
DA:12,1
DA:13,2
DA:14,2
DA:15,2
DA:16,1
DA:17,1
DA:18,1
DA:19,1
DA:20,1
DA:21,1
DA:22,4
DA:23,4
DA:24,4
DA:25,1
DA:26,1
DA:27,3
DA:28,3
DA:29,4
DA:30,1
DA:31,1
DA:32,1
DA:33,3
DA:34,3
DA:35,3
DA:36,3
DA:37,3
DA:38,3
DA:39,3
DA:40,3
DA:41,1
DA:42,1
DA:43,1
DA:44,1
DA:45,1
DA:46,3
DA:47,3
DA:48,3
DA:49,1
DA:50,1
DA:51,1
DA:52,1
DA:53,1
DA:54,1
DA:55,1
DA:56,1
DA:57,1
LF:57
LH:57
BRDA:13,0,0,2
BRDA:15,1,0,1
BRDA:22,2,0,4
BRDA:24,3,0,1
BRDA:27,4,0,3
BRDA:29,5,0,2
BRDA:29,6,0,1
BRDA:33,7,0,3
BRDA:42,8,0,1
BRDA:46,9,0,3
BRDA:50,10,0,1
BRF:11
BRH:11
end_of_record
TN:
SF:src/utils/errorUtils.ts
FN:13,isAppError
FN:17,errorTypeToStatusCode
FN:26,badRequestError
FN:30,conflictError
FN:34,notFoundError
FN:38,unauthorizedError
FN:42,wrongSchemaError
FNF:7
FNH:1
FNDA:0,isAppError
FNDA:0,errorTypeToStatusCode
FNDA:0,badRequestError
FNDA:2,conflictError
FNDA:0,notFoundError
FNDA:0,unauthorizedError
FNDA:0,wrongSchemaError
DA:1,1
DA:2,1
DA:3,1
DA:4,1
DA:5,1
DA:6,1
DA:7,1
DA:8,1
DA:9,1
DA:10,1
DA:11,1
DA:12,1
DA:13,0
DA:14,0
DA:15,0
DA:16,1
DA:17,0
DA:18,0
DA:19,0
DA:20,0
DA:21,0
DA:22,0
DA:23,0
DA:24,0
DA:25,1
DA:26,0
DA:27,0
DA:28,0
DA:29,1
DA:30,2
DA:31,2
DA:32,2
DA:33,1
DA:34,0
DA:35,0
DA:36,0
DA:37,1
DA:38,0
DA:39,0
DA:40,0
DA:41,1
DA:42,0
DA:43,0
DA:44,0
LF:44
LH:21
BRDA:30,0,0,2
BRF:1
BRH:1
end_of_record
TN:
SF:tests/factory/voucherFactory.ts
FN:1,voucherWithId
FNF:1
FNH:1
FNDA:6,voucherWithId
DA:1,6
DA:2,6
DA:3,6
LF:3
LH:3
BRDA:1,0,0,6
BRF:1
BRH:1
end_of_record
